<?xml version="1.0" encoding="UTF-8"?>
<!-- Generated by org.testng.reporters.JUnitXMLReporter -->
<testsuite ignored="0" hostname="LAPTOP-UN0G5FL5" failures="0" tests="3" name="Surefire test" time="2.653" errors="0" timestamp="2023-10-12T22:31:26 IST">
  <testcase classname="com.simplilearn.testpage.HomePageTest" name="titleTest" time="0.018"/>
  <testcase classname="com.simplilearn.testpage.HomePageTest" name="isAllCoursesTest" time="2.061"/>
  <testcase classname="com.simplilearn.testpage.HomePageTest" name="getAllCourses" time="0.517"/>
</testsuite> <!-- Surefire test -->
