<?xml version="1.0" encoding="UTF-8"?>
<!-- Generated by org.testng.reporters.JUnitXMLReporter -->
<testsuite ignored="0" hostname="LAPTOP-UN0G5FL5" failures="0" tests="3" name="Default test" time="2.676" errors="0" timestamp="2023-10-12T22:35:20 IST">
  <testcase classname="com.simplilearn.testpage.HomePageTest" name="titleTest" time="0.242"/>
  <testcase classname="com.simplilearn.testpage.HomePageTest" name="isAllCoursesTest" time="2.062"/>
  <testcase classname="com.simplilearn.testpage.HomePageTest" name="getAllCourses" time="0.316"/>
</testsuite> <!-- Default test -->
