<?xml version="1.0" encoding="UTF-8"?>
<testsuite xmlns:xsi="http://www.w3.org/2001/XMLSchema-instance" xsi:noNamespaceSchemaLocation="https://maven.apache.org/surefire/maven-surefire-plugin/xsd/surefire-test-report-3.0.xsd" version="3.0" name="com.simplilearn.testpage.HomePageTest" time="10.045" tests="3" errors="0" skipped="0" failures="0">
  <properties>
[...]
</properties>
  <testcase name="titleTest" classname="com.simplilearn.testpage.HomePageTest" time="0.02">
    <system-out><![CDATA[Home Page Title Name: Simplilearn | Online Courses - Bootcamp & Certification Platform
]]></system-out>
    <system-err><![CDATA[SLF4J: Failed to load class "org.slf4j.impl.StaticLoggerBinder".
SLF4J: Defaulting to no-operation (NOP) logger implementation
SLF4J: See http://www.slf4j.org/codes.html#StaticLoggerBinder for further details.
Oct 12, 2023 10:31:21 PM org.openqa.selenium.devtools.CdpVersionFinder findNearestMatch
WARNING: Unable to find an exact match for CDP version 118, so returning the closest version found: 115
]]></system-err>
  </testcase>
  <testcase name="isAllCoursesTest" classname="com.simplilearn.testpage.HomePageTest" time="2.06"/>
  <testcase name="getAllCourses" classname="com.simplilearn.testpage.HomePageTest" time="0.52">
    <system-out><![CDATA[COURSE CATEGORIES
Data Science & Business Analytics
POPULAR COURSES
Applied Data Science with Python
UNIVERSITY PROGRAMS
Professional Certificate Course in Data Science
IIT Kanpur
Caltech Post Graduate Program in Data Science
Caltech CTME
Professional Certificate Course in Data Analytics
IIT Kanpur
MASTERS PROGRAM
Data Scientist
9 courses | Duration: 11 Months
In Collaboration With IBM
Simplilearn JobAssist Program
Data Analyst
9 courses | Duration: 11 Months
In Collaboration With IBM
Simplilearn JobAssist Program
EXPLORE THE CATEGORY
AI & Machine Learning
Project Management
Cyber Security
Cloud Computing
DevOps
Business and Leadership
Quality Management
Software Development
Agile and Scrum
IT Service and Architecture
Digital Marketing
Big Data
]]></system-out>
  </testcase>
</testsuite>