<?xml version="1.0" encoding="UTF-8"?>
<testng-results ignored="0" total="3" passed="3" failed="0" skipped="0">
  <reporter-output>
  </reporter-output>
  <suite started-at="2023-10-12T22:31:24 IST" name="Surefire suite" finished-at="2023-10-12T22:31:26 IST" duration-ms="2653">
    <groups>
    </groups>
    <test started-at="2023-10-12T22:31:24 IST" name="Surefire test" finished-at="2023-10-12T22:31:26 IST" duration-ms="2653">
      <class name="com.simplilearn.testpage.HomePageTest">
        <test-method is-config="true" signature="openBrowser()[pri:0, instance:com.simplilearn.testpage.HomePageTest@10feca44]" started-at="2023-10-12T22:31:17 IST" name="openBrowser" finished-at="2023-10-12T22:31:24 IST" duration-ms="6597" status="PASS">
          <reporter-output>
          </reporter-output>
        </test-method> <!-- openBrowser -->
        <test-method signature="titleTest()[pri:49, instance:com.simplilearn.testpage.HomePageTest@10feca44]" started-at="2023-10-12T22:31:24 IST" name="titleTest" finished-at="2023-10-12T22:31:24 IST" duration-ms="18" status="PASS">
          <reporter-output>
          </reporter-output>
        </test-method> <!-- titleTest -->
        <test-method signature="isAllCoursesTest()[pri:50, instance:com.simplilearn.testpage.HomePageTest@10feca44]" started-at="2023-10-12T22:31:24 IST" name="isAllCoursesTest" finished-at="2023-10-12T22:31:26 IST" duration-ms="2061" status="PASS">
          <reporter-output>
          </reporter-output>
        </test-method> <!-- isAllCoursesTest -->
        <test-method signature="getAllCourses()[pri:51, instance:com.simplilearn.testpage.HomePageTest@10feca44]" started-at="2023-10-12T22:31:26 IST" name="getAllCourses" finished-at="2023-10-12T22:31:26 IST" duration-ms="517" status="PASS">
          <reporter-output>
          </reporter-output>
        </test-method> <!-- getAllCourses -->
      </class> <!-- com.simplilearn.testpage.HomePageTest -->
    </test> <!-- Surefire test -->
  </suite> <!-- Surefire suite -->
</testng-results>
