<?xml version="1.0" encoding="UTF-8"?>
<testng-results ignored="0" total="3" passed="3" failed="0" skipped="0">
  <reporter-output>
  </reporter-output>
  <suite started-at="2023-10-12T22:41:00 IST" name="Simplilearn Project" finished-at="2023-10-12T22:41:02 IST" duration-ms="2699">
    <groups>
    </groups>
    <test started-at="2023-10-12T22:41:00 IST" name="HomePageTest" finished-at="2023-10-12T22:41:02 IST" duration-ms="2699">
      <class name="com.simplilearn.testpage.HomePageTest">
        <test-method is-config="true" signature="openBrowser()[pri:0, instance:com.simplilearn.testpage.HomePageTest@f0c8a99]" started-at="2023-10-12T22:40:49 IST" name="openBrowser" finished-at="2023-10-12T22:41:00 IST" duration-ms="10152" status="PASS">
          <reporter-output>
          </reporter-output>
        </test-method> <!-- openBrowser -->
        <test-method signature="titleTest()[pri:49, instance:com.simplilearn.testpage.HomePageTest@f0c8a99]" started-at="2023-10-12T22:41:00 IST" name="titleTest" finished-at="2023-10-12T22:41:00 IST" duration-ms="22" status="PASS">
          <reporter-output>
          </reporter-output>
        </test-method> <!-- titleTest -->
        <test-method signature="isAllCoursesTest()[pri:50, instance:com.simplilearn.testpage.HomePageTest@f0c8a99]" started-at="2023-10-12T22:41:00 IST" name="isAllCoursesTest" finished-at="2023-10-12T22:41:02 IST" duration-ms="2064" status="PASS">
          <reporter-output>
          </reporter-output>
        </test-method> <!-- isAllCoursesTest -->
        <test-method signature="getAllCourses()[pri:51, instance:com.simplilearn.testpage.HomePageTest@f0c8a99]" started-at="2023-10-12T22:41:02 IST" name="getAllCourses" finished-at="2023-10-12T22:41:02 IST" duration-ms="547" status="PASS">
          <reporter-output>
          </reporter-output>
        </test-method> <!-- getAllCourses -->
      </class> <!-- com.simplilearn.testpage.HomePageTest -->
    </test> <!-- HomePageTest -->
  </suite> <!-- Simplilearn Project -->
</testng-results>
